<?xml version="1.0" encoding="UTF-8"?>
<!-- Generated by org.testng.reporters.JUnitReportReporter -->
<testsuite hostname="FSSCHND1550" name="runners.TestRunners" tests="1" failures="0" timestamp="2 May 2019 06:47:22 GMT" time="11.187" errors="0">
  <testcase name="feature" time="11.187" classname="runners.TestRunners"/>
</testsuite> <!-- runners.TestRunners -->
